<?xml version="1.0" encoding="UTF-8"?>
<!-- Generated by org.testng.reporters.JUnitXMLReporter -->
<testsuite hostname="Lenovo-PC" name="Command line test" tests="3" failures="0" timestamp="16 Feb 2016 05:41:40 GMT" time="7.815" errors="0">
  <testcase name="getappls" time="0.488" classname="springmvc.model.dao.ApplicationDaoTest"/>
  <testcase name="getappls" time="0.022" classname="springmvc.model.dao.StatusDaoTest"/>
  <testcase name="getDepartments" time="0.001" classname="springmvc.model.dao.UserDaoTest"/>
</testsuite> <!-- Command line test -->
