<?xml version="1.0" encoding="UTF-8"?>
<testng-results skipped="0" failed="0" total="1" passed="1">
  <reporter-output>
  </reporter-output>
  <suite name="Default suite" duration-ms="7064" started-at="2016-02-16T06:26:44Z" finished-at="2016-02-16T06:26:52Z">
    <groups>
      <group name="UserDaoTest">
        <method signature="ApplicationDaoTest.getappls()[pri:0, instance:springmvc.model.dao.ApplicationDaoTest@57536d79]" name="getappls" class="springmvc.model.dao.ApplicationDaoTest"/>
      </group> <!-- UserDaoTest -->
    </groups>
    <test name="Default test" duration-ms="7064" started-at="2016-02-16T06:26:44Z" finished-at="2016-02-16T06:26:52Z">
      <class name="springmvc.model.dao.ApplicationDaoTest">
        <test-method status="PASS" signature="springTestContextBeforeTestClass()[pri:0, instance:springmvc.model.dao.ApplicationDaoTest@57536d79]" test-instance-name="" name="springTestContextBeforeTestClass" is-config="true" duration-ms="21" started-at="2016-02-15T22:26:44Z" finished-at="2016-02-15T22:26:44Z">
          <reporter-output>
          </reporter-output>
        </test-method> <!-- springTestContextBeforeTestClass -->
        <test-method name="springTestContextPrepareTestInstance" test-instance-name="" signature="springTestContextPrepareTestInstance()[pri:0, instance:springmvc.model.dao.ApplicationDaoTest@57536d79]" is-config="true" status="PASS" duration-ms="6232" finished-at="2016-02-15T22:26:51Z" started-at="2016-02-15T22:26:44Z" depends-on-methods="org.springframework.test.context.testng.AbstractTestNGSpringContextTests.springTestContextBeforeTestClass">
          <reporter-output>
          </reporter-output>
        </test-method> <!-- springTestContextPrepareTestInstance -->
        <test-method status="PASS" signature="springTestContextBeforeTestMethod(java.lang.reflect.Method)[pri:0, instance:springmvc.model.dao.ApplicationDaoTest@57536d79]" test-instance-name="" name="springTestContextBeforeTestMethod" is-config="true" duration-ms="150" started-at="2016-02-15T22:26:51Z" finished-at="2016-02-15T22:26:51Z">
          <params>
            <param index="0">
              <value>
                <![CDATA[public void springmvc.model.dao.ApplicationDaoTest.getappls()]]>
              </value>
            </param>
          </params>
          <reporter-output>
          </reporter-output>
        </test-method> <!-- springTestContextBeforeTestMethod -->
        <test-method status="PASS" signature="getappls()[pri:0, instance:springmvc.model.dao.ApplicationDaoTest@57536d79]" test-instance-name="" name="getappls" duration-ms="597" started-at="2016-02-15T22:26:51Z" finished-at="2016-02-15T22:26:51Z">
          <reporter-output>
          </reporter-output>
        </test-method> <!-- getappls -->
        <test-method status="PASS" signature="springTestContextAfterTestMethod(java.lang.reflect.Method)[pri:0, instance:springmvc.model.dao.ApplicationDaoTest@57536d79]" test-instance-name="" name="springTestContextAfterTestMethod" is-config="true" duration-ms="34" started-at="2016-02-15T22:26:51Z" finished-at="2016-02-15T22:26:52Z">
          <params>
            <param index="0">
              <value>
                <![CDATA[public void springmvc.model.dao.ApplicationDaoTest.getappls()]]>
              </value>
            </param>
          </params>
          <reporter-output>
          </reporter-output>
        </test-method> <!-- springTestContextAfterTestMethod -->
        <test-method status="PASS" signature="springTestContextAfterTestClass()[pri:0, instance:springmvc.model.dao.ApplicationDaoTest@57536d79]" test-instance-name="" name="springTestContextAfterTestClass" is-config="true" duration-ms="0" started-at="2016-02-15T22:26:52Z" finished-at="2016-02-15T22:26:52Z">
          <reporter-output>
          </reporter-output>
        </test-method> <!-- springTestContextAfterTestClass -->
      </class> <!-- springmvc.model.dao.ApplicationDaoTest -->
    </test> <!-- Default test -->
  </suite> <!-- Default suite -->
</testng-results>
