<?xml version="1.0" encoding="UTF-8"?>
<testng-results skipped="0" failed="0" total="1" passed="1">
  <reporter-output>
  </reporter-output>
  <suite name="springmvc.model.dao.UserDaoTest" duration-ms="5963" started-at="2016-03-08T07:38:34Z" finished-at="2016-03-08T07:38:40Z">
    <groups>
      <group name="UserDaoTest">
        <method signature="UserDaoTest.getDepartments()[pri:0, instance:springmvc.model.dao.UserDaoTest@4b1c1ea0]" name="getDepartments" class="springmvc.model.dao.UserDaoTest"/>
      </group> <!-- UserDaoTest -->
    </groups>
    <test name="Command line test" duration-ms="5963" started-at="2016-03-08T07:38:34Z" finished-at="2016-03-08T07:38:40Z">
      <class name="springmvc.model.dao.UserDaoTest">
        <test-method status="PASS" signature="springTestContextBeforeTestClass()[pri:0, instance:springmvc.model.dao.UserDaoTest@4b1c1ea0]" name="springTestContextBeforeTestClass" is-config="true" duration-ms="8" started-at="2016-03-07T23:38:34Z" finished-at="2016-03-07T23:38:34Z">
          <reporter-output>
          </reporter-output>
        </test-method> <!-- springTestContextBeforeTestClass -->
        <test-method status="PASS" signature="springTestContextPrepareTestInstance()[pri:0, instance:springmvc.model.dao.UserDaoTest@4b1c1ea0]" name="springTestContextPrepareTestInstance" is-config="true" duration-ms="5766" started-at="2016-03-07T23:38:34Z" depends-on-methods="org.springframework.test.context.testng.AbstractTestNGSpringContextTests.springTestContextBeforeTestClass" finished-at="2016-03-07T23:38:39Z">
          <reporter-output>
          </reporter-output>
        </test-method> <!-- springTestContextPrepareTestInstance -->
        <test-method status="PASS" signature="springTestContextBeforeTestMethod(java.lang.reflect.Method)[pri:0, instance:springmvc.model.dao.UserDaoTest@4b1c1ea0]" name="springTestContextBeforeTestMethod" is-config="true" duration-ms="139" started-at="2016-03-07T23:38:39Z" finished-at="2016-03-07T23:38:40Z">
          <params>
            <param index="0">
              <value>
                <![CDATA[public void springmvc.model.dao.UserDaoTest.getDepartments()]]>
              </value>
            </param>
          </params>
          <reporter-output>
          </reporter-output>
        </test-method> <!-- springTestContextBeforeTestMethod -->
        <test-method status="PASS" signature="getDepartments()[pri:0, instance:springmvc.model.dao.UserDaoTest@4b1c1ea0]" name="getDepartments" duration-ms="4" started-at="2016-03-07T23:38:40Z" finished-at="2016-03-07T23:38:40Z">
          <reporter-output>
          </reporter-output>
        </test-method> <!-- getDepartments -->
        <test-method status="PASS" signature="springTestContextAfterTestMethod(java.lang.reflect.Method)[pri:0, instance:springmvc.model.dao.UserDaoTest@4b1c1ea0]" name="springTestContextAfterTestMethod" is-config="true" duration-ms="30" started-at="2016-03-07T23:38:40Z" finished-at="2016-03-07T23:38:40Z">
          <params>
            <param index="0">
              <value>
                <![CDATA[public void springmvc.model.dao.UserDaoTest.getDepartments()]]>
              </value>
            </param>
          </params>
          <reporter-output>
          </reporter-output>
        </test-method> <!-- springTestContextAfterTestMethod -->
        <test-method status="PASS" signature="springTestContextAfterTestClass()[pri:0, instance:springmvc.model.dao.UserDaoTest@4b1c1ea0]" name="springTestContextAfterTestClass" is-config="true" duration-ms="1" started-at="2016-03-07T23:38:40Z" finished-at="2016-03-07T23:38:40Z">
          <reporter-output>
          </reporter-output>
        </test-method> <!-- springTestContextAfterTestClass -->
      </class> <!-- springmvc.model.dao.UserDaoTest -->
    </test> <!-- Command line test -->
  </suite> <!-- springmvc.model.dao.UserDaoTest -->
</testng-results>
